2017-09-29 12:55:17 Notice: Strict (2048): Declaration of App\Controller\UsersController::beforeFilter() should be compatible with App\Controller\AppController::beforeFilter(Cake\Event\Event $event) in [/var/www/html/testapp/src/Controller/UsersController.php, line 14]
Request URL: /users
Client IP: 127.0.0.1
Trace:
Cake\Error\BaseErrorHandler::handleError() - CORE/src/Error/BaseErrorHandler.php, line 153
include - APP/Controller/UsersController.php, line 14
Composer\Autoload\includeFile - ROOT/vendor/composer/ClassLoader.php, line 412
Composer\Autoload\ClassLoader::loadClass() - ROOT/vendor/composer/ClassLoader.php, line 301
spl_autoload_call - [internal], line ??
class_exists - [internal], line ??
Cake\Core\App::_classExistsInBase() - CORE/src/Core/App.php, line 152
Cake\Core\App::className() - CORE/src/Core/App.php, line 64
Cake\Http\ControllerFactory::getControllerClass() - CORE/src/Http/ControllerFactory.php, line 88
Cake\Http\ControllerFactory::create() - CORE/src/Http/ControllerFactory.php, line 36
Cake\Http\ActionDispatcher::dispatch() - CORE/src/Http/ActionDispatcher.php, line 90
Cake\Http\BaseApplication::__invoke() - CORE/src/Http/BaseApplication.php, line 103
Cake\Http\Runner::__invoke() - CORE/src/Http/Runner.php, line 65
Cake\Routing\Middleware\RoutingMiddleware::__invoke() - CORE/src/Routing/Middleware/RoutingMiddleware.php, line 107
Cake\Http\Runner::__invoke() - CORE/src/Http/Runner.php, line 65
Cake\Routing\Middleware\AssetMiddleware::__invoke() - CORE/src/Routing/Middleware/AssetMiddleware.php, line 88
Cake\Http\Runner::__invoke() - CORE/src/Http/Runner.php, line 65
Cake\Error\Middleware\ErrorHandlerMiddleware::__invoke() - CORE/src/Error/Middleware/ErrorHandlerMiddleware.php, line 95
Cake\Http\Runner::__invoke() - CORE/src/Http/Runner.php, line 65
DebugKit\Middleware\DebugKitMiddleware::__invoke() - ROOT/vendor/cakephp/debug_kit/src/Middleware/DebugKitMiddleware.php, line 52
Cake\Http\Runner::__invoke() - CORE/src/Http/Runner.php, line 65
Cake\Http\Runner::run() - CORE/src/Http/Runner.php, line 51
Cake\Http\Server::run() - CORE/src/Http/Server.php, line 81
[main] - ROOT/webroot/index.php, line 40



2017-09-29 13:56:43 Notice: Notice (8): Trying to get property of non-object in [/var/www/html/testapp/src/Controller/UsersController.php, line 58]
Request URL: /users/login
Referer URL: http://localhost:8765/users/login
Client IP: 127.0.0.1
Trace:
Cake\Error\BaseErrorHandler::handleError() - CORE/src/Error/BaseErrorHandler.php, line 153
App\Controller\UsersController::login() - APP/Controller/UsersController.php, line 58
Cake\Controller\Controller::invokeAction() - CORE/src/Controller/Controller.php, line 440
Cake\Http\ActionDispatcher::_invoke() - CORE/src/Http/ActionDispatcher.php, line 119
Cake\Http\ActionDispatcher::dispatch() - CORE/src/Http/ActionDispatcher.php, line 93
Cake\Http\BaseApplication::__invoke() - CORE/src/Http/BaseApplication.php, line 103
Cake\Http\Runner::__invoke() - CORE/src/Http/Runner.php, line 65
Cake\Routing\Middleware\RoutingMiddleware::__invoke() - CORE/src/Routing/Middleware/RoutingMiddleware.php, line 107
Cake\Http\Runner::__invoke() - CORE/src/Http/Runner.php, line 65
Cake\Routing\Middleware\AssetMiddleware::__invoke() - CORE/src/Routing/Middleware/AssetMiddleware.php, line 88
Cake\Http\Runner::__invoke() - CORE/src/Http/Runner.php, line 65
Cake\Error\Middleware\ErrorHandlerMiddleware::__invoke() - CORE/src/Error/Middleware/ErrorHandlerMiddleware.php, line 95
Cake\Http\Runner::__invoke() - CORE/src/Http/Runner.php, line 65
DebugKit\Middleware\DebugKitMiddleware::__invoke() - ROOT/vendor/cakephp/debug_kit/src/Middleware/DebugKitMiddleware.php, line 52
Cake\Http\Runner::__invoke() - CORE/src/Http/Runner.php, line 65
Cake\Http\Runner::run() - CORE/src/Http/Runner.php, line 51
Cake\Http\Server::run() - CORE/src/Http/Server.php, line 81
[main] - ROOT/webroot/index.php, line 40



2017-10-02 09:59:53 Notice: Notice (8): Undefined variable: session in [/var/www/html/testapp/src/Controller/UsersController.php, line 30]
Request URL: /users/
Client IP: 127.0.0.1
Trace:
Cake\Error\BaseErrorHandler::handleError() - CORE/src/Error/BaseErrorHandler.php, line 153
App\Controller\UsersController::index() - APP/Controller/UsersController.php, line 30
Cake\Controller\Controller::invokeAction() - CORE/src/Controller/Controller.php, line 440
Cake\Http\ActionDispatcher::_invoke() - CORE/src/Http/ActionDispatcher.php, line 119
Cake\Http\ActionDispatcher::dispatch() - CORE/src/Http/ActionDispatcher.php, line 93
Cake\Http\BaseApplication::__invoke() - CORE/src/Http/BaseApplication.php, line 103
Cake\Http\Runner::__invoke() - CORE/src/Http/Runner.php, line 65
Cake\Routing\Middleware\RoutingMiddleware::__invoke() - CORE/src/Routing/Middleware/RoutingMiddleware.php, line 107
Cake\Http\Runner::__invoke() - CORE/src/Http/Runner.php, line 65
Cake\Routing\Middleware\AssetMiddleware::__invoke() - CORE/src/Routing/Middleware/AssetMiddleware.php, line 88
Cake\Http\Runner::__invoke() - CORE/src/Http/Runner.php, line 65
Cake\Error\Middleware\ErrorHandlerMiddleware::__invoke() - CORE/src/Error/Middleware/ErrorHandlerMiddleware.php, line 95
Cake\Http\Runner::__invoke() - CORE/src/Http/Runner.php, line 65
DebugKit\Middleware\DebugKitMiddleware::__invoke() - ROOT/vendor/cakephp/debug_kit/src/Middleware/DebugKitMiddleware.php, line 52
Cake\Http\Runner::__invoke() - CORE/src/Http/Runner.php, line 65
Cake\Http\Runner::run() - CORE/src/Http/Runner.php, line 51
Cake\Http\Server::run() - CORE/src/Http/Server.php, line 81
[main] - ROOT/webroot/index.php, line 40



2017-10-02 10:00:33 Notice: Notice (8): Undefined variable: session in [/var/www/html/testapp/src/Controller/UsersController.php, line 30]
Request URL: /users/
Client IP: 127.0.0.1
Trace:
Cake\Error\BaseErrorHandler::handleError() - CORE/src/Error/BaseErrorHandler.php, line 153
App\Controller\UsersController::index() - APP/Controller/UsersController.php, line 30
Cake\Controller\Controller::invokeAction() - CORE/src/Controller/Controller.php, line 440
Cake\Http\ActionDispatcher::_invoke() - CORE/src/Http/ActionDispatcher.php, line 119
Cake\Http\ActionDispatcher::dispatch() - CORE/src/Http/ActionDispatcher.php, line 93
Cake\Http\BaseApplication::__invoke() - CORE/src/Http/BaseApplication.php, line 103
Cake\Http\Runner::__invoke() - CORE/src/Http/Runner.php, line 65
Cake\Routing\Middleware\RoutingMiddleware::__invoke() - CORE/src/Routing/Middleware/RoutingMiddleware.php, line 107
Cake\Http\Runner::__invoke() - CORE/src/Http/Runner.php, line 65
Cake\Routing\Middleware\AssetMiddleware::__invoke() - CORE/src/Routing/Middleware/AssetMiddleware.php, line 88
Cake\Http\Runner::__invoke() - CORE/src/Http/Runner.php, line 65
Cake\Error\Middleware\ErrorHandlerMiddleware::__invoke() - CORE/src/Error/Middleware/ErrorHandlerMiddleware.php, line 95
Cake\Http\Runner::__invoke() - CORE/src/Http/Runner.php, line 65
DebugKit\Middleware\DebugKitMiddleware::__invoke() - ROOT/vendor/cakephp/debug_kit/src/Middleware/DebugKitMiddleware.php, line 52
Cake\Http\Runner::__invoke() - CORE/src/Http/Runner.php, line 65
Cake\Http\Runner::run() - CORE/src/Http/Runner.php, line 51
Cake\Http\Server::run() - CORE/src/Http/Server.php, line 81
[main] - ROOT/webroot/index.php, line 40



2017-10-02 10:01:34 Notice: Notice (8): Undefined variable: session in [/var/www/html/testapp/src/Controller/UsersController.php, line 30]
Request URL: /users/index/home
Referer URL: http://localhost:8765/users/login
Client IP: 127.0.0.1
Trace:
Cake\Error\BaseErrorHandler::handleError() - CORE/src/Error/BaseErrorHandler.php, line 153
App\Controller\UsersController::index() - APP/Controller/UsersController.php, line 30
Cake\Controller\Controller::invokeAction() - CORE/src/Controller/Controller.php, line 440
Cake\Http\ActionDispatcher::_invoke() - CORE/src/Http/ActionDispatcher.php, line 119
Cake\Http\ActionDispatcher::dispatch() - CORE/src/Http/ActionDispatcher.php, line 93
Cake\Http\BaseApplication::__invoke() - CORE/src/Http/BaseApplication.php, line 103
Cake\Http\Runner::__invoke() - CORE/src/Http/Runner.php, line 65
Cake\Routing\Middleware\RoutingMiddleware::__invoke() - CORE/src/Routing/Middleware/RoutingMiddleware.php, line 107
Cake\Http\Runner::__invoke() - CORE/src/Http/Runner.php, line 65
Cake\Routing\Middleware\AssetMiddleware::__invoke() - CORE/src/Routing/Middleware/AssetMiddleware.php, line 88
Cake\Http\Runner::__invoke() - CORE/src/Http/Runner.php, line 65
Cake\Error\Middleware\ErrorHandlerMiddleware::__invoke() - CORE/src/Error/Middleware/ErrorHandlerMiddleware.php, line 95
Cake\Http\Runner::__invoke() - CORE/src/Http/Runner.php, line 65
DebugKit\Middleware\DebugKitMiddleware::__invoke() - ROOT/vendor/cakephp/debug_kit/src/Middleware/DebugKitMiddleware.php, line 52
Cake\Http\Runner::__invoke() - CORE/src/Http/Runner.php, line 65
Cake\Http\Runner::run() - CORE/src/Http/Runner.php, line 51
Cake\Http\Server::run() - CORE/src/Http/Server.php, line 81
[main] - ROOT/webroot/index.php, line 40



2017-10-02 10:12:51 Notice: Notice (8): Undefined variable: session in [/var/www/html/testapp/src/Controller/UsersController.php, line 55]
Request URL: /users/login
Referer URL: http://localhost:8765/users/login
Client IP: 127.0.0.1
Trace:
Cake\Error\BaseErrorHandler::handleError() - CORE/src/Error/BaseErrorHandler.php, line 153
App\Controller\UsersController::login() - APP/Controller/UsersController.php, line 55
Cake\Controller\Controller::invokeAction() - CORE/src/Controller/Controller.php, line 440
Cake\Http\ActionDispatcher::_invoke() - CORE/src/Http/ActionDispatcher.php, line 119
Cake\Http\ActionDispatcher::dispatch() - CORE/src/Http/ActionDispatcher.php, line 93
Cake\Http\BaseApplication::__invoke() - CORE/src/Http/BaseApplication.php, line 103
Cake\Http\Runner::__invoke() - CORE/src/Http/Runner.php, line 65
Cake\Routing\Middleware\RoutingMiddleware::__invoke() - CORE/src/Routing/Middleware/RoutingMiddleware.php, line 107
Cake\Http\Runner::__invoke() - CORE/src/Http/Runner.php, line 65
Cake\Routing\Middleware\AssetMiddleware::__invoke() - CORE/src/Routing/Middleware/AssetMiddleware.php, line 88
Cake\Http\Runner::__invoke() - CORE/src/Http/Runner.php, line 65
Cake\Error\Middleware\ErrorHandlerMiddleware::__invoke() - CORE/src/Error/Middleware/ErrorHandlerMiddleware.php, line 95
Cake\Http\Runner::__invoke() - CORE/src/Http/Runner.php, line 65
DebugKit\Middleware\DebugKitMiddleware::__invoke() - ROOT/vendor/cakephp/debug_kit/src/Middleware/DebugKitMiddleware.php, line 52
Cake\Http\Runner::__invoke() - CORE/src/Http/Runner.php, line 65
Cake\Http\Runner::run() - CORE/src/Http/Runner.php, line 51
Cake\Http\Server::run() - CORE/src/Http/Server.php, line 81
[main] - ROOT/webroot/index.php, line 40



2017-10-02 10:26:38 Notice: Notice (8): Undefined variable: session in [/var/www/html/testapp/src/Controller/UsersController.php, line 56]
Request URL: /users/login
Referer URL: http://localhost:8765/users/login
Client IP: 127.0.0.1
Trace:
Cake\Error\BaseErrorHandler::handleError() - CORE/src/Error/BaseErrorHandler.php, line 153
App\Controller\UsersController::login() - APP/Controller/UsersController.php, line 56
Cake\Controller\Controller::invokeAction() - CORE/src/Controller/Controller.php, line 440
Cake\Http\ActionDispatcher::_invoke() - CORE/src/Http/ActionDispatcher.php, line 119
Cake\Http\ActionDispatcher::dispatch() - CORE/src/Http/ActionDispatcher.php, line 93
Cake\Http\BaseApplication::__invoke() - CORE/src/Http/BaseApplication.php, line 103
Cake\Http\Runner::__invoke() - CORE/src/Http/Runner.php, line 65
Cake\Routing\Middleware\RoutingMiddleware::__invoke() - CORE/src/Routing/Middleware/RoutingMiddleware.php, line 107
Cake\Http\Runner::__invoke() - CORE/src/Http/Runner.php, line 65
Cake\Routing\Middleware\AssetMiddleware::__invoke() - CORE/src/Routing/Middleware/AssetMiddleware.php, line 88
Cake\Http\Runner::__invoke() - CORE/src/Http/Runner.php, line 65
Cake\Error\Middleware\ErrorHandlerMiddleware::__invoke() - CORE/src/Error/Middleware/ErrorHandlerMiddleware.php, line 95
Cake\Http\Runner::__invoke() - CORE/src/Http/Runner.php, line 65
DebugKit\Middleware\DebugKitMiddleware::__invoke() - ROOT/vendor/cakephp/debug_kit/src/Middleware/DebugKitMiddleware.php, line 52
Cake\Http\Runner::__invoke() - CORE/src/Http/Runner.php, line 65
Cake\Http\Runner::run() - CORE/src/Http/Runner.php, line 51
Cake\Http\Server::run() - CORE/src/Http/Server.php, line 81
[main] - ROOT/webroot/index.php, line 40



2017-10-02 10:27:32 Notice: Notice (8): Undefined variable: session in [/var/www/html/testapp/src/Controller/UsersController.php, line 56]
Request URL: /users/login
Referer URL: http://localhost:8765/users/login
Client IP: 127.0.0.1
Trace:
Cake\Error\BaseErrorHandler::handleError() - CORE/src/Error/BaseErrorHandler.php, line 153
App\Controller\UsersController::login() - APP/Controller/UsersController.php, line 56
Cake\Controller\Controller::invokeAction() - CORE/src/Controller/Controller.php, line 440
Cake\Http\ActionDispatcher::_invoke() - CORE/src/Http/ActionDispatcher.php, line 119
Cake\Http\ActionDispatcher::dispatch() - CORE/src/Http/ActionDispatcher.php, line 93
Cake\Http\BaseApplication::__invoke() - CORE/src/Http/BaseApplication.php, line 103
Cake\Http\Runner::__invoke() - CORE/src/Http/Runner.php, line 65
Cake\Routing\Middleware\RoutingMiddleware::__invoke() - CORE/src/Routing/Middleware/RoutingMiddleware.php, line 107
Cake\Http\Runner::__invoke() - CORE/src/Http/Runner.php, line 65
Cake\Routing\Middleware\AssetMiddleware::__invoke() - CORE/src/Routing/Middleware/AssetMiddleware.php, line 88
Cake\Http\Runner::__invoke() - CORE/src/Http/Runner.php, line 65
Cake\Error\Middleware\ErrorHandlerMiddleware::__invoke() - CORE/src/Error/Middleware/ErrorHandlerMiddleware.php, line 95
Cake\Http\Runner::__invoke() - CORE/src/Http/Runner.php, line 65
DebugKit\Middleware\DebugKitMiddleware::__invoke() - ROOT/vendor/cakephp/debug_kit/src/Middleware/DebugKitMiddleware.php, line 52
Cake\Http\Runner::__invoke() - CORE/src/Http/Runner.php, line 65
Cake\Http\Runner::run() - CORE/src/Http/Runner.php, line 51
Cake\Http\Server::run() - CORE/src/Http/Server.php, line 81
[main] - ROOT/webroot/index.php, line 40



2017-10-02 10:29:03 Notice: Notice (8): Undefined property: Cake\Network\Session::$read in [/var/www/html/testapp/src/Controller/UsersController.php, line 32]
Request URL: /users/index/home
Referer URL: http://localhost:8765/users/login
Client IP: 127.0.0.1
Trace:
Cake\Error\BaseErrorHandler::handleError() - CORE/src/Error/BaseErrorHandler.php, line 153
App\Controller\UsersController::index() - APP/Controller/UsersController.php, line 32
Cake\Controller\Controller::invokeAction() - CORE/src/Controller/Controller.php, line 440
Cake\Http\ActionDispatcher::_invoke() - CORE/src/Http/ActionDispatcher.php, line 119
Cake\Http\ActionDispatcher::dispatch() - CORE/src/Http/ActionDispatcher.php, line 93
Cake\Http\BaseApplication::__invoke() - CORE/src/Http/BaseApplication.php, line 103
Cake\Http\Runner::__invoke() - CORE/src/Http/Runner.php, line 65
Cake\Routing\Middleware\RoutingMiddleware::__invoke() - CORE/src/Routing/Middleware/RoutingMiddleware.php, line 107
Cake\Http\Runner::__invoke() - CORE/src/Http/Runner.php, line 65
Cake\Routing\Middleware\AssetMiddleware::__invoke() - CORE/src/Routing/Middleware/AssetMiddleware.php, line 88
Cake\Http\Runner::__invoke() - CORE/src/Http/Runner.php, line 65
Cake\Error\Middleware\ErrorHandlerMiddleware::__invoke() - CORE/src/Error/Middleware/ErrorHandlerMiddleware.php, line 95
Cake\Http\Runner::__invoke() - CORE/src/Http/Runner.php, line 65
DebugKit\Middleware\DebugKitMiddleware::__invoke() - ROOT/vendor/cakephp/debug_kit/src/Middleware/DebugKitMiddleware.php, line 52
Cake\Http\Runner::__invoke() - CORE/src/Http/Runner.php, line 65
Cake\Http\Runner::run() - CORE/src/Http/Runner.php, line 51
Cake\Http\Server::run() - CORE/src/Http/Server.php, line 81
[main] - ROOT/webroot/index.php, line 40



2017-10-02 10:54:17 Notice: Notice (8): Undefined variable: session in [/var/www/html/testapp/src/Controller/UsersController.php, line 31]
Request URL: /users
Client IP: 127.0.0.1
Trace:
Cake\Error\BaseErrorHandler::handleError() - CORE/src/Error/BaseErrorHandler.php, line 153
App\Controller\UsersController::index() - APP/Controller/UsersController.php, line 31
Cake\Controller\Controller::invokeAction() - CORE/src/Controller/Controller.php, line 440
Cake\Http\ActionDispatcher::_invoke() - CORE/src/Http/ActionDispatcher.php, line 119
Cake\Http\ActionDispatcher::dispatch() - CORE/src/Http/ActionDispatcher.php, line 93
Cake\Http\BaseApplication::__invoke() - CORE/src/Http/BaseApplication.php, line 103
Cake\Http\Runner::__invoke() - CORE/src/Http/Runner.php, line 65
Cake\Routing\Middleware\RoutingMiddleware::__invoke() - CORE/src/Routing/Middleware/RoutingMiddleware.php, line 107
Cake\Http\Runner::__invoke() - CORE/src/Http/Runner.php, line 65
Cake\Routing\Middleware\AssetMiddleware::__invoke() - CORE/src/Routing/Middleware/AssetMiddleware.php, line 88
Cake\Http\Runner::__invoke() - CORE/src/Http/Runner.php, line 65
Cake\Error\Middleware\ErrorHandlerMiddleware::__invoke() - CORE/src/Error/Middleware/ErrorHandlerMiddleware.php, line 95
Cake\Http\Runner::__invoke() - CORE/src/Http/Runner.php, line 65
DebugKit\Middleware\DebugKitMiddleware::__invoke() - ROOT/vendor/cakephp/debug_kit/src/Middleware/DebugKitMiddleware.php, line 52
Cake\Http\Runner::__invoke() - CORE/src/Http/Runner.php, line 65
Cake\Http\Runner::run() - CORE/src/Http/Runner.php, line 51
Cake\Http\Server::run() - CORE/src/Http/Server.php, line 81
[main] - ROOT/webroot/index.php, line 40



2017-10-02 10:56:02 Notice: Notice (8): Undefined property: Cake\Network\Session::$Auth in [/var/www/html/testapp/src/Controller/UsersController.php, line 32]
Request URL: /users
Client IP: 127.0.0.1
Trace:
Cake\Error\BaseErrorHandler::handleError() - CORE/src/Error/BaseErrorHandler.php, line 153
App\Controller\UsersController::index() - APP/Controller/UsersController.php, line 32
Cake\Controller\Controller::invokeAction() - CORE/src/Controller/Controller.php, line 440
Cake\Http\ActionDispatcher::_invoke() - CORE/src/Http/ActionDispatcher.php, line 119
Cake\Http\ActionDispatcher::dispatch() - CORE/src/Http/ActionDispatcher.php, line 93
Cake\Http\BaseApplication::__invoke() - CORE/src/Http/BaseApplication.php, line 103
Cake\Http\Runner::__invoke() - CORE/src/Http/Runner.php, line 65
Cake\Routing\Middleware\RoutingMiddleware::__invoke() - CORE/src/Routing/Middleware/RoutingMiddleware.php, line 107
Cake\Http\Runner::__invoke() - CORE/src/Http/Runner.php, line 65
Cake\Routing\Middleware\AssetMiddleware::__invoke() - CORE/src/Routing/Middleware/AssetMiddleware.php, line 88
Cake\Http\Runner::__invoke() - CORE/src/Http/Runner.php, line 65
Cake\Error\Middleware\ErrorHandlerMiddleware::__invoke() - CORE/src/Error/Middleware/ErrorHandlerMiddleware.php, line 95
Cake\Http\Runner::__invoke() - CORE/src/Http/Runner.php, line 65
DebugKit\Middleware\DebugKitMiddleware::__invoke() - ROOT/vendor/cakephp/debug_kit/src/Middleware/DebugKitMiddleware.php, line 52
Cake\Http\Runner::__invoke() - CORE/src/Http/Runner.php, line 65
Cake\Http\Runner::run() - CORE/src/Http/Runner.php, line 51
Cake\Http\Server::run() - CORE/src/Http/Server.php, line 81
[main] - ROOT/webroot/index.php, line 40



